[0.013s] Invoking command in '/home/jalisco/ros2_ws/src/mec_mobile/mec_mobile/build/mec_mobile': CMAKE_PREFIX_PATH=${CMAKE_PREFIX_PATH}:/opt/ros/jazzy DEBUGINFOD_URLS=https://debuginfod.ubuntu.com /usr/bin/cmake /home/jalisco/ros2_ws/src/mec_mobile/mec_mobile -DCMAKE_INSTALL_PREFIX=/home/jalisco/ros2_ws/src/mec_mobile/mec_mobile/install/mec_mobile
[0.202s] -- The C compiler identification is GNU 13.3.0
[0.379s] -- The CXX compiler identification is GNU 13.3.0
[0.429s] -- Detecting C compiler ABI info
[0.591s] -- Detecting C compiler ABI info - done
[0.607s] -- Check for working C compiler: /usr/bin/cc - skipped
[0.607s] -- Detecting C compile features
[0.608s] -- Detecting C compile features - done
[0.625s] -- Detecting CXX compiler ABI info
[0.795s] -- Detecting CXX compiler ABI info - done
[0.823s] -- Check for working CXX compiler: /usr/bin/c++ - skipped
[0.823s] -- Detecting CXX compile features
[0.824s] -- Detecting CXX compile features - done
[0.838s] -- Found ament_cmake: 2.5.4 (/opt/ros/jazzy/share/ament_cmake/cmake)
[1.079s] -- Found Python3: /usr/bin/python3 (found version "3.12.3") found components: Interpreter 
[1.333s] -- Found ament_lint_auto: 0.17.2 (/opt/ros/jazzy/share/ament_lint_auto/cmake)
[1.521s] -- Added test 'cppcheck' to perform static code analysis on C / C++ code
[1.521s] -- Configured cppcheck include dirs: 
[1.521s] -- Configured cppcheck exclude dirs and/or files: 
[1.527s] -- Added test 'lint_cmake' to check CMake code style
[1.537s] -- Added test 'uncrustify' to check C / C++ code style
[1.537s] -- Configured uncrustify additional arguments: 
[1.540s] -- Added test 'xmllint' to check XML markup files
[1.543s] -- Configuring done (1.5s)
[1.549s] -- Generating done (0.0s)
[1.554s] -- Build files have been written to: /home/jalisco/ros2_ws/src/mec_mobile/mec_mobile/build/mec_mobile
[1.563s] Invoked command in '/home/jalisco/ros2_ws/src/mec_mobile/mec_mobile/build/mec_mobile' returned '0': CMAKE_PREFIX_PATH=${CMAKE_PREFIX_PATH}:/opt/ros/jazzy DEBUGINFOD_URLS=https://debuginfod.ubuntu.com /usr/bin/cmake /home/jalisco/ros2_ws/src/mec_mobile/mec_mobile -DCMAKE_INSTALL_PREFIX=/home/jalisco/ros2_ws/src/mec_mobile/mec_mobile/install/mec_mobile
[1.565s] Invoking command in '/home/jalisco/ros2_ws/src/mec_mobile/mec_mobile/build/mec_mobile': CMAKE_PREFIX_PATH=${CMAKE_PREFIX_PATH}:/opt/ros/jazzy DEBUGINFOD_URLS=https://debuginfod.ubuntu.com /usr/bin/cmake --build /home/jalisco/ros2_ws/src/mec_mobile/mec_mobile/build/mec_mobile -- -j8 -l8
[1.622s] Invoked command in '/home/jalisco/ros2_ws/src/mec_mobile/mec_mobile/build/mec_mobile' returned '0': CMAKE_PREFIX_PATH=${CMAKE_PREFIX_PATH}:/opt/ros/jazzy DEBUGINFOD_URLS=https://debuginfod.ubuntu.com /usr/bin/cmake --build /home/jalisco/ros2_ws/src/mec_mobile/mec_mobile/build/mec_mobile -- -j8 -l8
[1.637s] Invoking command in '/home/jalisco/ros2_ws/src/mec_mobile/mec_mobile/build/mec_mobile': CMAKE_PREFIX_PATH=${CMAKE_PREFIX_PATH}:/opt/ros/jazzy DEBUGINFOD_URLS=https://debuginfod.ubuntu.com /usr/bin/cmake --install /home/jalisco/ros2_ws/src/mec_mobile/mec_mobile/build/mec_mobile
[1.649s] -- Install configuration: ""
[1.649s] -- Installing: /home/jalisco/ros2_ws/src/mec_mobile/mec_mobile/install/mec_mobile/share/ament_index/resource_index/package_run_dependencies/mec_mobile
[1.650s] -- Installing: /home/jalisco/ros2_ws/src/mec_mobile/mec_mobile/install/mec_mobile/share/ament_index/resource_index/parent_prefix_path/mec_mobile
[1.650s] -- Installing: /home/jalisco/ros2_ws/src/mec_mobile/mec_mobile/install/mec_mobile/share/mec_mobile/environment/ament_prefix_path.sh
[1.650s] -- Installing: /home/jalisco/ros2_ws/src/mec_mobile/mec_mobile/install/mec_mobile/share/mec_mobile/environment/ament_prefix_path.dsv
[1.650s] -- Installing: /home/jalisco/ros2_ws/src/mec_mobile/mec_mobile/install/mec_mobile/share/mec_mobile/environment/path.sh
[1.650s] -- Installing: /home/jalisco/ros2_ws/src/mec_mobile/mec_mobile/install/mec_mobile/share/mec_mobile/environment/path.dsv
[1.651s] -- Installing: /home/jalisco/ros2_ws/src/mec_mobile/mec_mobile/install/mec_mobile/share/mec_mobile/local_setup.bash
[1.651s] -- Installing: /home/jalisco/ros2_ws/src/mec_mobile/mec_mobile/install/mec_mobile/share/mec_mobile/local_setup.sh
[1.651s] -- Installing: /home/jalisco/ros2_ws/src/mec_mobile/mec_mobile/install/mec_mobile/share/mec_mobile/local_setup.zsh
[1.651s] -- Installing: /home/jalisco/ros2_ws/src/mec_mobile/mec_mobile/install/mec_mobile/share/mec_mobile/local_setup.dsv
[1.651s] -- Installing: /home/jalisco/ros2_ws/src/mec_mobile/mec_mobile/install/mec_mobile/share/mec_mobile/package.dsv
[1.652s] -- Installing: /home/jalisco/ros2_ws/src/mec_mobile/mec_mobile/install/mec_mobile/share/ament_index/resource_index/packages/mec_mobile
[1.652s] -- Installing: /home/jalisco/ros2_ws/src/mec_mobile/mec_mobile/install/mec_mobile/share/mec_mobile/cmake/mec_mobileConfig.cmake
[1.652s] -- Installing: /home/jalisco/ros2_ws/src/mec_mobile/mec_mobile/install/mec_mobile/share/mec_mobile/cmake/mec_mobileConfig-version.cmake
[1.652s] -- Installing: /home/jalisco/ros2_ws/src/mec_mobile/mec_mobile/install/mec_mobile/share/mec_mobile/package.xml
[1.655s] Invoked command in '/home/jalisco/ros2_ws/src/mec_mobile/mec_mobile/build/mec_mobile' returned '0': CMAKE_PREFIX_PATH=${CMAKE_PREFIX_PATH}:/opt/ros/jazzy DEBUGINFOD_URLS=https://debuginfod.ubuntu.com /usr/bin/cmake --install /home/jalisco/ros2_ws/src/mec_mobile/mec_mobile/build/mec_mobile
